  games202-GTAO.cpp
C:\Users\66406\Desktop\games202\作业\games202-GTAO\games202-GTAO\games202-GTAO.cpp(54,17): warning C4244: “=”: 从“double”转换到“float”，可能丢失数据
C:\Users\66406\Desktop\games202\作业\games202-GTAO\games202-GTAO\games202-GTAO.cpp(55,17): warning C4244: “=”: 从“double”转换到“float”，可能丢失数据
C:\Users\66406\Desktop\games202\作业\games202-GTAO\games202-GTAO\games202-GTAO.cpp(58,19): warning C4244: “初始化”: 从“double”转换到“float”，可能丢失数据
C:\Users\66406\Desktop\games202\作业\games202-GTAO\games202-GTAO\games202-GTAO.cpp(59,19): warning C4244: “初始化”: 从“double”转换到“float”，可能丢失数据
C:\Users\66406\Desktop\games202\作业\games202-GTAO\games202-GTAO\games202-GTAO.cpp(61,13): warning C4244: “=”: 从“double”转换到“float”，可能丢失数据
C:\Users\66406\Desktop\games202\作业\games202-GTAO\games202-GTAO\games202-GTAO.cpp(62,13): warning C4244: “=”: 从“double”转换到“float”，可能丢失数据
C:\Users\66406\Desktop\games202\作业\games202-GTAO\games202-GTAO\games202-GTAO.cpp(68,25): warning C4244: “参数”: 从“double”转换到“float”，可能丢失数据
C:\Users\66406\Desktop\games202\作业\games202-GTAO\games202-GTAO\games202-GTAO.cpp(260,54): warning C4244: “参数”: 从“float”转换到“int”，可能丢失数据
C:\Users\66406\Desktop\games202\作业\games202-GTAO\games202-GTAO\games202-GTAO.cpp(260,43): warning C4244: “参数”: 从“float”转换到“int”，可能丢失数据
C:\Users\66406\Desktop\games202\作业\games202-GTAO\games202-GTAO\games202-GTAO.cpp(295,75): warning C4244: “参数”: 从“float”转换到“GLsizei”，可能丢失数据
C:\Users\66406\Desktop\games202\作业\games202-GTAO\games202-GTAO\games202-GTAO.cpp(295,64): warning C4244: “参数”: 从“float”转换到“GLsizei”，可能丢失数据
C:\Users\66406\Desktop\games202\作业\games202-GTAO\games202-GTAO\games202-GTAO.cpp(301,56): warning C4244: “参数”: 从“float”转换到“GLsizei”，可能丢失数据
C:\Users\66406\Desktop\games202\作业\games202-GTAO\games202-GTAO\games202-GTAO.cpp(301,45): warning C4244: “参数”: 从“float”转换到“GLsizei”，可能丢失数据
C:\Users\66406\Desktop\games202\作业\games202-GTAO\games202-GTAO\games202-GTAO.cpp(311,56): warning C4244: “参数”: 从“float”转换到“GLsizei”，可能丢失数据
C:\Users\66406\Desktop\games202\作业\games202-GTAO\games202-GTAO\games202-GTAO.cpp(311,45): warning C4244: “参数”: 从“float”转换到“GLsizei”，可能丢失数据
C:\Users\66406\Desktop\games202\作业\games202-GTAO\games202-GTAO\games202-GTAO.cpp(330,55): warning C4244: “参数”: 从“float”转换到“GLsizei”，可能丢失数据
C:\Users\66406\Desktop\games202\作业\games202-GTAO\games202-GTAO\games202-GTAO.cpp(330,44): warning C4244: “参数”: 从“float”转换到“GLsizei”，可能丢失数据
C:\Users\66406\Desktop\games202\作业\games202-GTAO\games202-GTAO\games202-GTAO.cpp(346,56): warning C4244: “参数”: 从“float”转换到“GLsizei”，可能丢失数据
C:\Users\66406\Desktop\games202\作业\games202-GTAO\games202-GTAO\games202-GTAO.cpp(346,45): warning C4244: “参数”: 从“float”转换到“GLsizei”，可能丢失数据
C:\Users\66406\Desktop\games202\作业\games202-GTAO\games202-GTAO\games202-GTAO.cpp(362,56): warning C4244: “参数”: 从“float”转换到“GLsizei”，可能丢失数据
C:\Users\66406\Desktop\games202\作业\games202-GTAO\games202-GTAO\games202-GTAO.cpp(362,45): warning C4244: “参数”: 从“float”转换到“GLsizei”，可能丢失数据
  Mesh.cpp
C:\Users\66406\Desktop\games202\作业\games202-GTAO\games202-GTAO\Mesh.cpp(53,20): warning C4018: “<”: 有符号/无符号不匹配
  MyCamera.cpp
  MyModel.cpp
C:\Users\66406\Desktop\games202\作业\games202-GTAO\games202-GTAO\MyModel.cpp(37,20): warning C4018: “<”: 有符号/无符号不匹配
C:\Users\66406\Desktop\games202\作业\games202-GTAO\games202-GTAO\MyModel.cpp(60,20): warning C4018: “<”: 有符号/无符号不匹配
C:\Users\66406\Desktop\games202\作业\games202-GTAO\games202-GTAO\MyModel.cpp(65,20): warning C4018: “<”: 有符号/无符号不匹配
C:\Users\66406\Desktop\games202\作业\games202-GTAO\games202-GTAO\MyModel.cpp(75,20): warning C4018: “<”: 有符号/无符号不匹配
C:\Users\66406\Desktop\games202\作业\games202-GTAO\games202-GTAO\MyModel.cpp(109,20): warning C4018: “<”: 有符号/无符号不匹配
C:\Users\66406\Desktop\games202\作业\games202-GTAO\games202-GTAO\MyModel.cpp(111,21): warning C4018: “<”: 有符号/无符号不匹配
C:\Users\66406\Desktop\games202\作业\games202-GTAO\games202-GTAO\MyModel.cpp(130,20): warning C4018: “<”: 有符号/无符号不匹配
C:\Users\66406\Desktop\games202\作业\games202-GTAO\games202-GTAO\MyModel.cpp(134,21): warning C4018: “<”: 有符号/无符号不匹配
  MyShader.cpp
  正在生成代码...
LINK : warning LNK4098: 默认库“MSVCRT”与其他库的使用冲突；请使用 /NODEFAULTLIB:library
  games202-GTAO.vcxproj -> C:\Users\66406\Desktop\games202\作业\games202-GTAO\Debug\games202-GTAO.exe
