c:\users\方赞博\desktop\games202\作业\games202-gtao\games202-gtao\debug\vc142.pdb
c:\users\方赞博\desktop\games202\作业\games202-gtao\games202-gtao\debug\vc142.idb
c:\users\方赞博\desktop\games202\作业\games202-gtao\games202-gtao\debug\myshader.obj
c:\users\方赞博\desktop\games202\作业\games202-gtao\games202-gtao\debug\mymodel.obj
c:\users\方赞博\desktop\games202\作业\games202-gtao\games202-gtao\debug\mycamera.obj
c:\users\方赞博\desktop\games202\作业\games202-gtao\games202-gtao\debug\mesh.obj
c:\users\方赞博\desktop\games202\作业\games202-gtao\games202-gtao\debug\games202-gtao.obj
c:\users\方赞博\desktop\资料\games202\作业\games202-gtao\games202-gtao\debug\vc142.pdb
c:\users\66406\desktop\games202\作业\games202-gtao\games202-gtao\debug\vc142.pdb
c:\users\66406\desktop\games202\作业\games202-gtao\games202-gtao\debug\vc142.idb
c:\users\66406\desktop\games202\作业\games202-gtao\games202-gtao\debug\glad.obj
c:\users\方赞博\desktop\games202\作业\games202-gtao\debug\games202-gtao.exe
c:\users\方赞博\desktop\games202\作业\games202-gtao\games202-gtao\debug\games202-gtao.ilk
c:\users\方赞博\desktop\games202\作业\games202-gtao\debug\games202-gtao.pdb
c:\users\66406\desktop\games202\作业\games202-gtao\games202-gtao\debug\games202-gtao.obj
c:\users\66406\desktop\games202\作业\games202-gtao\games202-gtao\debug\mesh.obj
c:\users\66406\desktop\games202\作业\games202-gtao\games202-gtao\debug\mycamera.obj
c:\users\66406\desktop\games202\作业\games202-gtao\games202-gtao\debug\mymodel.obj
c:\users\66406\desktop\games202\作业\games202-gtao\games202-gtao\debug\myshader.obj
c:\users\66406\desktop\games202\作业\games202-gtao\games202-gtao\debug\games202-gtao.ilk
c:\users\66406\desktop\games202\作业\games202-gtao\debug\games202-gtao.pdb
c:\users\66406\desktop\games202\作业\games202-gtao\debug\games202-gtao.exe
c:\users\66406\desktop\games202\作业\games202-gtao\games202-gtao\debug\games202-gtao.tlog\cl.command.1.tlog
c:\users\66406\desktop\games202\作业\games202-gtao\games202-gtao\debug\games202-gtao.tlog\cl.read.1.tlog
c:\users\66406\desktop\games202\作业\games202-gtao\games202-gtao\debug\games202-gtao.tlog\cl.write.1.tlog
c:\users\66406\desktop\games202\作业\games202-gtao\games202-gtao\debug\games202-gtao.tlog\link.command.1.tlog
c:\users\66406\desktop\games202\作业\games202-gtao\games202-gtao\debug\games202-gtao.tlog\link.read.1.tlog
c:\users\66406\desktop\games202\作业\games202-gtao\games202-gtao\debug\games202-gtao.tlog\link.write.1.tlog
