  glad.c
  games202-SSR.cpp
C:\Users\方赞博\Desktop\games202\作业\games202-SSR\games202-SSR\games202-SSR.cpp(54,17): warning C4244: “=”: 从“double”转换到“float”，可能丢失数据
C:\Users\方赞博\Desktop\games202\作业\games202-SSR\games202-SSR\games202-SSR.cpp(55,17): warning C4244: “=”: 从“double”转换到“float”，可能丢失数据
C:\Users\方赞博\Desktop\games202\作业\games202-SSR\games202-SSR\games202-SSR.cpp(58,19): warning C4244: “初始化”: 从“double”转换到“float”，可能丢失数据
C:\Users\方赞博\Desktop\games202\作业\games202-SSR\games202-SSR\games202-SSR.cpp(59,19): warning C4244: “初始化”: 从“double”转换到“float”，可能丢失数据
C:\Users\方赞博\Desktop\games202\作业\games202-SSR\games202-SSR\games202-SSR.cpp(61,13): warning C4244: “=”: 从“double”转换到“float”，可能丢失数据
C:\Users\方赞博\Desktop\games202\作业\games202-SSR\games202-SSR\games202-SSR.cpp(62,13): warning C4244: “=”: 从“double”转换到“float”，可能丢失数据
C:\Users\方赞博\Desktop\games202\作业\games202-SSR\games202-SSR\games202-SSR.cpp(68,25): warning C4244: “参数”: 从“double”转换到“float”，可能丢失数据
C:\Users\方赞博\Desktop\games202\作业\games202-SSR\games202-SSR\games202-SSR.cpp(219,54): warning C4244: “参数”: 从“float”转换到“int”，可能丢失数据
C:\Users\方赞博\Desktop\games202\作业\games202-SSR\games202-SSR\games202-SSR.cpp(219,43): warning C4244: “参数”: 从“float”转换到“int”，可能丢失数据
C:\Users\方赞博\Desktop\games202\作业\games202-SSR\games202-SSR\games202-SSR.cpp(252,77): warning C4244: “参数”: 从“float”转换到“GLsizei”，可能丢失数据
C:\Users\方赞博\Desktop\games202\作业\games202-SSR\games202-SSR\games202-SSR.cpp(252,66): warning C4244: “参数”: 从“float”转换到“GLsizei”，可能丢失数据
C:\Users\方赞博\Desktop\games202\作业\games202-SSR\games202-SSR\games202-SSR.cpp(258,56): warning C4244: “参数”: 从“float”转换到“GLsizei”，可能丢失数据
C:\Users\方赞博\Desktop\games202\作业\games202-SSR\games202-SSR\games202-SSR.cpp(258,45): warning C4244: “参数”: 从“float”转换到“GLsizei”，可能丢失数据
C:\Users\方赞博\Desktop\games202\作业\games202-SSR\games202-SSR\games202-SSR.cpp(268,55): warning C4244: “参数”: 从“float”转换到“GLsizei”，可能丢失数据
C:\Users\方赞博\Desktop\games202\作业\games202-SSR\games202-SSR\games202-SSR.cpp(268,44): warning C4244: “参数”: 从“float”转换到“GLsizei”，可能丢失数据
C:\Users\方赞博\Desktop\games202\作业\games202-SSR\games202-SSR\games202-SSR.cpp(289,55): warning C4244: “参数”: 从“float”转换到“GLsizei”，可能丢失数据
C:\Users\方赞博\Desktop\games202\作业\games202-SSR\games202-SSR\games202-SSR.cpp(289,44): warning C4244: “参数”: 从“float”转换到“GLsizei”，可能丢失数据
C:\Users\方赞博\Desktop\games202\作业\games202-SSR\games202-SSR\games202-SSR.cpp(307,56): warning C4244: “参数”: 从“float”转换到“GLsizei”，可能丢失数据
C:\Users\方赞博\Desktop\games202\作业\games202-SSR\games202-SSR\games202-SSR.cpp(307,45): warning C4244: “参数”: 从“float”转换到“GLsizei”，可能丢失数据
C:\Users\方赞博\Desktop\games202\作业\games202-SSR\games202-SSR\games202-SSR.cpp(325,56): warning C4244: “参数”: 从“float”转换到“GLsizei”，可能丢失数据
C:\Users\方赞博\Desktop\games202\作业\games202-SSR\games202-SSR\games202-SSR.cpp(325,45): warning C4244: “参数”: 从“float”转换到“GLsizei”，可能丢失数据
  Mesh.cpp
C:\Users\方赞博\Desktop\games202\作业\games202-SSR\games202-SSR\Mesh.cpp(53,20): warning C4018: “<”: 有符号/无符号不匹配
  MyCamera.cpp
  MyModel.cpp
C:\Users\方赞博\Desktop\games202\作业\games202-SSR\games202-SSR\MyModel.cpp(37,20): warning C4018: “<”: 有符号/无符号不匹配
C:\Users\方赞博\Desktop\games202\作业\games202-SSR\games202-SSR\MyModel.cpp(60,20): warning C4018: “<”: 有符号/无符号不匹配
C:\Users\方赞博\Desktop\games202\作业\games202-SSR\games202-SSR\MyModel.cpp(65,20): warning C4018: “<”: 有符号/无符号不匹配
C:\Users\方赞博\Desktop\games202\作业\games202-SSR\games202-SSR\MyModel.cpp(75,20): warning C4018: “<”: 有符号/无符号不匹配
C:\Users\方赞博\Desktop\games202\作业\games202-SSR\games202-SSR\MyModel.cpp(109,20): warning C4018: “<”: 有符号/无符号不匹配
C:\Users\方赞博\Desktop\games202\作业\games202-SSR\games202-SSR\MyModel.cpp(111,21): warning C4018: “<”: 有符号/无符号不匹配
C:\Users\方赞博\Desktop\games202\作业\games202-SSR\games202-SSR\MyModel.cpp(130,20): warning C4018: “<”: 有符号/无符号不匹配
C:\Users\方赞博\Desktop\games202\作业\games202-SSR\games202-SSR\MyModel.cpp(134,21): warning C4018: “<”: 有符号/无符号不匹配
  MyShader.cpp
  正在生成代码
  Previous IPDB not found, fall back to full compilation.
  All 823 functions were compiled because no usable IPDB/IOBJ from previous compilation was found.
  已完成代码的生成
  games202-SSR.vcxproj -> C:\Users\方赞博\Desktop\games202\作业\games202-SSR\Release\games202-SSR.exe
